649852 All_AAGAGGCA+ACTCTAGG_read1.fq
649852 All_AAGAGGCA+ACTCTAGG_read2.fq
5889988 All_AAGAGGCA+AGAGGATA_read1.fq
5889988 All_AAGAGGCA+AGAGGATA_read2.fq
875980 All_AAGAGGCA+AGCTAGAA_read1.fq
875980 All_AAGAGGCA+AGCTAGAA_read2.fq
5212848 All_AAGAGGCA+AGGCTTAG_read1.fq
5212848 All_AAGAGGCA+AGGCTTAG_read2.fq
2902476 All_AAGAGGCA+ATAGAGAG_read1.fq
2902476 All_AAGAGGCA+ATAGAGAG_read2.fq
4028 All_AAGAGGCA+ATAGCCTT_read1.fq
4028 All_AAGAGGCA+ATAGCCTT_read2.fq
3800 All_AAGAGGCA+ATTAGACG_read1.fq
3800 All_AAGAGGCA+ATTAGACG_read2.fq
556428 All_AAGAGGCA+CGGAGAGA_read1.fq
556428 All_AAGAGGCA+CGGAGAGA_read2.fq
2926288 All_AAGAGGCA+CTAGTCGA_read1.fq
2926288 All_AAGAGGCA+CTAGTCGA_read2.fq
429312396 All_AAGAGGCA+CTCCTTAC_read1.fq
429312396 All_AAGAGGCA+CTCCTTAC_read2.fq
1442492 All_AAGAGGCA+CTTAATAG_read1.fq
1442492 All_AAGAGGCA+CTTAATAG_read2.fq
1017868 All_AAGAGGCA+TAAGGCTC_read1.fq
1017868 All_AAGAGGCA+TAAGGCTC_read2.fq
363344 All_AAGAGGCA+TACTCCTT_read1.fq
363344 All_AAGAGGCA+TACTCCTT_read2.fq
7624816 All_AAGAGGCA+TATGCAGT_read1.fq
7624816 All_AAGAGGCA+TATGCAGT_read2.fq
695416 All_AAGAGGCA+TCGCATAA_read1.fq
695416 All_AAGAGGCA+TCGCATAA_read2.fq
95992 All_AAGAGGCA+TCTTACGC_read1.fq
95992 All_AAGAGGCA+TCTTACGC_read2.fq
772 All_ACTCGCTA+ACTCTAGG_read1.fq
772 All_ACTCGCTA+ACTCTAGG_read2.fq
4324776 All_ACTCGCTA+AGAGGATA_read1.fq
4324776 All_ACTCGCTA+AGAGGATA_read2.fq
881732 All_ACTCGCTA+AGCTAGAA_read1.fq
881732 All_ACTCGCTA+AGCTAGAA_read2.fq
4652 All_ACTCGCTA+AGGCTTAG_read1.fq
4652 All_ACTCGCTA+AGGCTTAG_read2.fq
2714420 All_ACTCGCTA+ATAGAGAG_read1.fq
2714420 All_ACTCGCTA+ATAGAGAG_read2.fq
951836 All_ACTCGCTA+ATAGCCTT_read1.fq
951836 All_ACTCGCTA+ATAGCCTT_read2.fq
345936 All_ACTCGCTA+ATTAGACG_read1.fq
345936 All_ACTCGCTA+ATTAGACG_read2.fq
4155200 All_ACTCGCTA+CGGAGAGA_read1.fq
4155200 All_ACTCGCTA+CGGAGAGA_read2.fq
1212624 All_ACTCGCTA+CTAGTCGA_read1.fq
1212624 All_ACTCGCTA+CTAGTCGA_read2.fq
20059592 All_ACTCGCTA+CTCCTTAC_read1.fq
20059592 All_ACTCGCTA+CTCCTTAC_read2.fq
1240528 All_ACTCGCTA+CTTAATAG_read1.fq
1240528 All_ACTCGCTA+CTTAATAG_read2.fq
1784648 All_ACTCGCTA+TAAGGCTC_read1.fq
1784648 All_ACTCGCTA+TAAGGCTC_read2.fq
1148060 All_ACTCGCTA+TACTCCTT_read1.fq
1148060 All_ACTCGCTA+TACTCCTT_read2.fq
9866992 All_ACTCGCTA+TATGCAGT_read1.fq
9866992 All_ACTCGCTA+TATGCAGT_read2.fq
2232348 All_ACTCGCTA+TCGCATAA_read1.fq
2232348 All_ACTCGCTA+TCGCATAA_read2.fq
2870368 All_ACTCGCTA+TCTTACGC_read1.fq
2870368 All_ACTCGCTA+TCTTACGC_read2.fq
1082856 All_ACTGAGCG+ACTCTAGG_read1.fq
1082856 All_ACTGAGCG+ACTCTAGG_read2.fq
3983664 All_ACTGAGCG+AGAGGATA_read1.fq
3983664 All_ACTGAGCG+AGAGGATA_read2.fq
558744 All_ACTGAGCG+AGCTAGAA_read1.fq
558744 All_ACTGAGCG+AGCTAGAA_read2.fq
2117916 All_ACTGAGCG+AGGCTTAG_read1.fq
2117916 All_ACTGAGCG+AGGCTTAG_read2.fq
7065000 All_ACTGAGCG+ATAGAGAG_read1.fq
7065000 All_ACTGAGCG+ATAGAGAG_read2.fq
485388 All_ACTGAGCG+ATAGCCTT_read1.fq
485388 All_ACTGAGCG+ATAGCCTT_read2.fq
325056 All_ACTGAGCG+ATTAGACG_read1.fq
325056 All_ACTGAGCG+ATTAGACG_read2.fq
335384 All_ACTGAGCG+CGGAGAGA_read1.fq
335384 All_ACTGAGCG+CGGAGAGA_read2.fq
2409768 All_ACTGAGCG+CTAGTCGA_read1.fq
2409768 All_ACTGAGCG+CTAGTCGA_read2.fq
11982920 All_ACTGAGCG+CTCCTTAC_read1.fq
11982920 All_ACTGAGCG+CTCCTTAC_read2.fq
2301020 All_ACTGAGCG+CTTAATAG_read1.fq
2301020 All_ACTGAGCG+CTTAATAG_read2.fq
3531248 All_ACTGAGCG+TAAGGCTC_read1.fq
3531248 All_ACTGAGCG+TAAGGCTC_read2.fq
2952036 All_ACTGAGCG+TACTCCTT_read1.fq
2952036 All_ACTGAGCG+TACTCCTT_read2.fq
6606212 All_ACTGAGCG+TATGCAGT_read1.fq
6606212 All_ACTGAGCG+TATGCAGT_read2.fq
1555208 All_ACTGAGCG+TCGCATAA_read1.fq
1555208 All_ACTGAGCG+TCGCATAA_read2.fq
587028 All_ACTGAGCG+TCTTACGC_read1.fq
587028 All_ACTGAGCG+TCTTACGC_read2.fq
846624 All_AGGCAGAA+ACTCTAGG_read1.fq
846624 All_AGGCAGAA+ACTCTAGG_read2.fq
1001940 All_AGGCAGAA+AGAGGATA_read1.fq
1001940 All_AGGCAGAA+AGAGGATA_read2.fq
2886228 All_AGGCAGAA+AGCTAGAA_read1.fq
2886228 All_AGGCAGAA+AGCTAGAA_read2.fq
4414120 All_AGGCAGAA+AGGCTTAG_read1.fq
4414120 All_AGGCAGAA+AGGCTTAG_read2.fq
1471212 All_AGGCAGAA+ATAGAGAG_read1.fq
1471212 All_AGGCAGAA+ATAGAGAG_read2.fq
2687124 All_AGGCAGAA+ATAGCCTT_read1.fq
2687124 All_AGGCAGAA+ATAGCCTT_read2.fq
883524 All_AGGCAGAA+ATTAGACG_read1.fq
883524 All_AGGCAGAA+ATTAGACG_read2.fq
155716 All_AGGCAGAA+CGGAGAGA_read1.fq
155716 All_AGGCAGAA+CGGAGAGA_read2.fq
2380708 All_AGGCAGAA+CTAGTCGA_read1.fq
2380708 All_AGGCAGAA+CTAGTCGA_read2.fq
9165800 All_AGGCAGAA+CTCCTTAC_read1.fq
9165800 All_AGGCAGAA+CTCCTTAC_read2.fq
739004 All_AGGCAGAA+CTTAATAG_read1.fq
739004 All_AGGCAGAA+CTTAATAG_read2.fq
1030476 All_AGGCAGAA+TAAGGCTC_read1.fq
1030476 All_AGGCAGAA+TAAGGCTC_read2.fq
3444136 All_AGGCAGAA+TACTCCTT_read1.fq
3444136 All_AGGCAGAA+TACTCCTT_read2.fq
2837220 All_AGGCAGAA+TATGCAGT_read1.fq
2837220 All_AGGCAGAA+TATGCAGT_read2.fq
2283748 All_AGGCAGAA+TCGCATAA_read1.fq
2283748 All_AGGCAGAA+TCGCATAA_read2.fq
2463756 All_AGGCAGAA+TCTTACGC_read1.fq
2463756 All_AGGCAGAA+TCTTACGC_read2.fq
943584 All_ATCTCAGG+ACTCTAGG_read1.fq
943584 All_ATCTCAGG+ACTCTAGG_read2.fq
1261132 All_ATCTCAGG+AGAGGATA_read1.fq
1261132 All_ATCTCAGG+AGAGGATA_read2.fq
309396 All_ATCTCAGG+AGCTAGAA_read1.fq
309396 All_ATCTCAGG+AGCTAGAA_read2.fq
5721436 All_ATCTCAGG+AGGCTTAG_read1.fq
5721436 All_ATCTCAGG+AGGCTTAG_read2.fq
1455752 All_ATCTCAGG+ATAGAGAG_read1.fq
1455752 All_ATCTCAGG+ATAGAGAG_read2.fq
1208480 All_ATCTCAGG+ATAGCCTT_read1.fq
1208480 All_ATCTCAGG+ATAGCCTT_read2.fq
707424 All_ATCTCAGG+ATTAGACG_read1.fq
707424 All_ATCTCAGG+ATTAGACG_read2.fq
587120 All_ATCTCAGG+CGGAGAGA_read1.fq
587120 All_ATCTCAGG+CGGAGAGA_read2.fq
5041004 All_ATCTCAGG+CTAGTCGA_read1.fq
5041004 All_ATCTCAGG+CTAGTCGA_read2.fq
3381648 All_ATCTCAGG+CTCCTTAC_read1.fq
3381648 All_ATCTCAGG+CTCCTTAC_read2.fq
1958580 All_ATCTCAGG+CTTAATAG_read1.fq
1958580 All_ATCTCAGG+CTTAATAG_read2.fq
1427756 All_ATCTCAGG+TAAGGCTC_read1.fq
1427756 All_ATCTCAGG+TAAGGCTC_read2.fq
106260 All_ATCTCAGG+TACTCCTT_read1.fq
106260 All_ATCTCAGG+TACTCCTT_read2.fq
8525500 All_ATCTCAGG+TATGCAGT_read1.fq
8525500 All_ATCTCAGG+TATGCAGT_read2.fq
1018460 All_ATCTCAGG+TCGCATAA_read1.fq
1018460 All_ATCTCAGG+TCGCATAA_read2.fq
763116 All_ATCTCAGG+TCTTACGC_read1.fq
763116 All_ATCTCAGG+TCTTACGC_read2.fq
2158808 All_ATGCGCAG+ACTCTAGG_read1.fq
2158808 All_ATGCGCAG+ACTCTAGG_read2.fq
4245364 All_ATGCGCAG+AGAGGATA_read1.fq
4245364 All_ATGCGCAG+AGAGGATA_read2.fq
869992 All_ATGCGCAG+AGCTAGAA_read1.fq
869992 All_ATGCGCAG+AGCTAGAA_read2.fq
2587868 All_ATGCGCAG+AGGCTTAG_read1.fq
2587868 All_ATGCGCAG+AGGCTTAG_read2.fq
14807888 All_ATGCGCAG+ATAGAGAG_read1.fq
14807888 All_ATGCGCAG+ATAGAGAG_read2.fq
2068288 All_ATGCGCAG+ATAGCCTT_read1.fq
2068288 All_ATGCGCAG+ATAGCCTT_read2.fq
530656 All_ATGCGCAG+ATTAGACG_read1.fq
530656 All_ATGCGCAG+ATTAGACG_read2.fq
3351396 All_ATGCGCAG+CGGAGAGA_read1.fq
3351396 All_ATGCGCAG+CGGAGAGA_read2.fq
402364 All_ATGCGCAG+CTAGTCGA_read1.fq
402364 All_ATGCGCAG+CTAGTCGA_read2.fq
5758852 All_ATGCGCAG+CTCCTTAC_read1.fq
5758852 All_ATGCGCAG+CTCCTTAC_read2.fq
2308520 All_ATGCGCAG+CTTAATAG_read1.fq
2308520 All_ATGCGCAG+CTTAATAG_read2.fq
1078360 All_ATGCGCAG+TAAGGCTC_read1.fq
1078360 All_ATGCGCAG+TAAGGCTC_read2.fq
7116192 All_ATGCGCAG+TACTCCTT_read1.fq
7116192 All_ATGCGCAG+TACTCCTT_read2.fq
2501140 All_ATGCGCAG+TATGCAGT_read1.fq
2501140 All_ATGCGCAG+TATGCAGT_read2.fq
648568 All_ATGCGCAG+TCGCATAA_read1.fq
648568 All_ATGCGCAG+TCGCATAA_read2.fq
1152980 All_ATGCGCAG+TCTTACGC_read1.fq
1152980 All_ATGCGCAG+TCTTACGC_read2.fq
2759124 All_CCTAAGAC+ACTCTAGG_read1.fq
2759124 All_CCTAAGAC+ACTCTAGG_read2.fq
468936 All_CCTAAGAC+AGAGGATA_read1.fq
468936 All_CCTAAGAC+AGAGGATA_read2.fq
1474060 All_CCTAAGAC+AGCTAGAA_read1.fq
1474060 All_CCTAAGAC+AGCTAGAA_read2.fq
3187628 All_CCTAAGAC+AGGCTTAG_read1.fq
3187628 All_CCTAAGAC+AGGCTTAG_read2.fq
3995308 All_CCTAAGAC+ATAGAGAG_read1.fq
3995308 All_CCTAAGAC+ATAGAGAG_read2.fq
1188896 All_CCTAAGAC+ATAGCCTT_read1.fq
1188896 All_CCTAAGAC+ATAGCCTT_read2.fq
1447788 All_CCTAAGAC+ATTAGACG_read1.fq
1447788 All_CCTAAGAC+ATTAGACG_read2.fq
3034036 All_CCTAAGAC+CGGAGAGA_read1.fq
3034036 All_CCTAAGAC+CGGAGAGA_read2.fq
872 All_CCTAAGAC+CTAGTCGA_read1.fq
872 All_CCTAAGAC+CTAGTCGA_read2.fq
3535660 All_CCTAAGAC+CTCCTTAC_read1.fq
3535660 All_CCTAAGAC+CTCCTTAC_read2.fq
1543680 All_CCTAAGAC+CTTAATAG_read1.fq
1543680 All_CCTAAGAC+CTTAATAG_read2.fq
1127052 All_CCTAAGAC+TAAGGCTC_read1.fq
1127052 All_CCTAAGAC+TAAGGCTC_read2.fq
5433868 All_CCTAAGAC+TACTCCTT_read1.fq
5433868 All_CCTAAGAC+TACTCCTT_read2.fq
881448 All_CCTAAGAC+TATGCAGT_read1.fq
881448 All_CCTAAGAC+TATGCAGT_read2.fq
2470708 All_CCTAAGAC+TCGCATAA_read1.fq
2470708 All_CCTAAGAC+TCGCATAA_read2.fq
230272 All_CCTAAGAC+TCTTACGC_read1.fq
230272 All_CCTAAGAC+TCTTACGC_read2.fq
628524 All_CGAGGCTG+ACTCTAGG_read1.fq
628524 All_CGAGGCTG+ACTCTAGG_read2.fq
434000 All_CGAGGCTG+AGAGGATA_read1.fq
434000 All_CGAGGCTG+AGAGGATA_read2.fq
1104944 All_CGAGGCTG+AGCTAGAA_read1.fq
1104944 All_CGAGGCTG+AGCTAGAA_read2.fq
4270684 All_CGAGGCTG+AGGCTTAG_read1.fq
4270684 All_CGAGGCTG+AGGCTTAG_read2.fq
3544088 All_CGAGGCTG+ATAGAGAG_read1.fq
3544088 All_CGAGGCTG+ATAGAGAG_read2.fq
1028988 All_CGAGGCTG+ATAGCCTT_read1.fq
1028988 All_CGAGGCTG+ATAGCCTT_read2.fq
968200 All_CGAGGCTG+ATTAGACG_read1.fq
968200 All_CGAGGCTG+ATTAGACG_read2.fq
529468 All_CGAGGCTG+CGGAGAGA_read1.fq
529468 All_CGAGGCTG+CGGAGAGA_read2.fq
5256020 All_CGAGGCTG+CTAGTCGA_read1.fq
5256020 All_CGAGGCTG+CTAGTCGA_read2.fq
4613628 All_CGAGGCTG+CTCCTTAC_read1.fq
4613628 All_CGAGGCTG+CTCCTTAC_read2.fq
1302464 All_CGAGGCTG+CTTAATAG_read1.fq
1302464 All_CGAGGCTG+CTTAATAG_read2.fq
3178632 All_CGAGGCTG+TAAGGCTC_read1.fq
3178632 All_CGAGGCTG+TAAGGCTC_read2.fq
879012 All_CGAGGCTG+TACTCCTT_read1.fq
879012 All_CGAGGCTG+TACTCCTT_read2.fq
3863484 All_CGAGGCTG+TATGCAGT_read1.fq
3863484 All_CGAGGCTG+TATGCAGT_read2.fq
2152080 All_CGAGGCTG+TCGCATAA_read1.fq
2152080 All_CGAGGCTG+TCGCATAA_read2.fq
1411980 All_CGAGGCTG+TCTTACGC_read1.fq
1411980 All_CGAGGCTG+TCTTACGC_read2.fq
1874104 All_CGATCAGT+ACTCTAGG_read1.fq
1874104 All_CGATCAGT+ACTCTAGG_read2.fq
12546172 All_CGATCAGT+AGAGGATA_read1.fq
12546172 All_CGATCAGT+AGAGGATA_read2.fq
7224620 All_CGATCAGT+AGCTAGAA_read1.fq
7224620 All_CGATCAGT+AGCTAGAA_read2.fq
2751156 All_CGATCAGT+AGGCTTAG_read1.fq
2751156 All_CGATCAGT+AGGCTTAG_read2.fq
7616212 All_CGATCAGT+ATAGAGAG_read1.fq
7616212 All_CGATCAGT+ATAGAGAG_read2.fq
1552740 All_CGATCAGT+ATAGCCTT_read1.fq
1552740 All_CGATCAGT+ATAGCCTT_read2.fq
1397376 All_CGATCAGT+ATTAGACG_read1.fq
1397376 All_CGATCAGT+ATTAGACG_read2.fq
727948 All_CGATCAGT+CGGAGAGA_read1.fq
727948 All_CGATCAGT+CGGAGAGA_read2.fq
811056 All_CGATCAGT+CTAGTCGA_read1.fq
811056 All_CGATCAGT+CTAGTCGA_read2.fq
2440928 All_CGATCAGT+CTCCTTAC_read1.fq
2440928 All_CGATCAGT+CTCCTTAC_read2.fq
1671172 All_CGATCAGT+CTTAATAG_read1.fq
1671172 All_CGATCAGT+CTTAATAG_read2.fq
1001632 All_CGATCAGT+TAAGGCTC_read1.fq
1001632 All_CGATCAGT+TAAGGCTC_read2.fq
2081548 All_CGATCAGT+TACTCCTT_read1.fq
2081548 All_CGATCAGT+TACTCCTT_read2.fq
4556904 All_CGATCAGT+TATGCAGT_read1.fq
4556904 All_CGATCAGT+TATGCAGT_read2.fq
1360264 All_CGATCAGT+TCGCATAA_read1.fq
1360264 All_CGATCAGT+TCGCATAA_read2.fq
2435700 All_CGATCAGT+TCTTACGC_read1.fq
2435700 All_CGATCAGT+TCTTACGC_read2.fq
674556 All_CGGAGCCT+ACTCTAGG_read1.fq
674556 All_CGGAGCCT+ACTCTAGG_read2.fq
3624 All_CGGAGCCT+AGAGGATA_read1.fq
3624 All_CGGAGCCT+AGAGGATA_read2.fq
606992 All_CGGAGCCT+AGCTAGAA_read1.fq
606992 All_CGGAGCCT+AGCTAGAA_read2.fq
4226192 All_CGGAGCCT+AGGCTTAG_read1.fq
4226192 All_CGGAGCCT+AGGCTTAG_read2.fq
6279064 All_CGGAGCCT+ATAGAGAG_read1.fq
6279064 All_CGGAGCCT+ATAGAGAG_read2.fq
2331608 All_CGGAGCCT+ATAGCCTT_read1.fq
2331608 All_CGGAGCCT+ATAGCCTT_read2.fq
62944 All_CGGAGCCT+ATTAGACG_read1.fq
62944 All_CGGAGCCT+ATTAGACG_read2.fq
515500 All_CGGAGCCT+CGGAGAGA_read1.fq
515500 All_CGGAGCCT+CGGAGAGA_read2.fq
2608 All_CGGAGCCT+CTAGTCGA_read1.fq
2608 All_CGGAGCCT+CTAGTCGA_read2.fq
2841368 All_CGGAGCCT+CTCCTTAC_read1.fq
2841368 All_CGGAGCCT+CTCCTTAC_read2.fq
3409924 All_CGGAGCCT+CTTAATAG_read1.fq
3409924 All_CGGAGCCT+CTTAATAG_read2.fq
2025496 All_CGGAGCCT+TAAGGCTC_read1.fq
2025496 All_CGGAGCCT+TAAGGCTC_read2.fq
215688 All_CGGAGCCT+TACTCCTT_read1.fq
215688 All_CGGAGCCT+TACTCCTT_read2.fq
4899100 All_CGGAGCCT+TATGCAGT_read1.fq
4899100 All_CGGAGCCT+TATGCAGT_read2.fq
759420 All_CGGAGCCT+TCGCATAA_read1.fq
759420 All_CGGAGCCT+TCGCATAA_read2.fq
3075012 All_CGGAGCCT+TCTTACGC_read1.fq
3075012 All_CGGAGCCT+TCTTACGC_read2.fq
944 All_CGTACTAG+ACTCTAGG_read1.fq
944 All_CGTACTAG+ACTCTAGG_read2.fq
2713852 All_CGTACTAG+AGAGGATA_read1.fq
2713852 All_CGTACTAG+AGAGGATA_read2.fq
716 All_CGTACTAG+AGCTAGAA_read1.fq
716 All_CGTACTAG+AGCTAGAA_read2.fq
6558128 All_CGTACTAG+AGGCTTAG_read1.fq
6558128 All_CGTACTAG+AGGCTTAG_read2.fq
7339460 All_CGTACTAG+ATAGAGAG_read1.fq
7339460 All_CGTACTAG+ATAGAGAG_read2.fq
7561092 All_CGTACTAG+ATAGCCTT_read1.fq
7561092 All_CGTACTAG+ATAGCCTT_read2.fq
1906364 All_CGTACTAG+ATTAGACG_read1.fq
1906364 All_CGTACTAG+ATTAGACG_read2.fq
108744 All_CGTACTAG+CGGAGAGA_read1.fq
108744 All_CGTACTAG+CGGAGAGA_read2.fq
958160 All_CGTACTAG+CTAGTCGA_read1.fq
958160 All_CGTACTAG+CTAGTCGA_read2.fq
2418220 All_CGTACTAG+CTCCTTAC_read1.fq
2418220 All_CGTACTAG+CTCCTTAC_read2.fq
1212436 All_CGTACTAG+CTTAATAG_read1.fq
1212436 All_CGTACTAG+CTTAATAG_read2.fq
1111864 All_CGTACTAG+TAAGGCTC_read1.fq
1111864 All_CGTACTAG+TAAGGCTC_read2.fq
616056 All_CGTACTAG+TACTCCTT_read1.fq
616056 All_CGTACTAG+TACTCCTT_read2.fq
2733216 All_CGTACTAG+TATGCAGT_read1.fq
2733216 All_CGTACTAG+TATGCAGT_read2.fq
3313148 All_CGTACTAG+TCGCATAA_read1.fq
3313148 All_CGTACTAG+TCGCATAA_read2.fq
1256408 All_CGTACTAG+TCTTACGC_read1.fq
1256408 All_CGTACTAG+TCTTACGC_read2.fq
443064 All_CTCTCTAC+ACTCTAGG_read1.fq
443064 All_CTCTCTAC+ACTCTAGG_read2.fq
6678956 All_CTCTCTAC+AGAGGATA_read1.fq
6678956 All_CTCTCTAC+AGAGGATA_read2.fq
779896 All_CTCTCTAC+AGCTAGAA_read1.fq
779896 All_CTCTCTAC+AGCTAGAA_read2.fq
5409352 All_CTCTCTAC+AGGCTTAG_read1.fq
5409352 All_CTCTCTAC+AGGCTTAG_read2.fq
4763716 All_CTCTCTAC+ATAGAGAG_read1.fq
4763716 All_CTCTCTAC+ATAGAGAG_read2.fq
1809924 All_CTCTCTAC+ATAGCCTT_read1.fq
1809924 All_CTCTCTAC+ATAGCCTT_read2.fq
1583516 All_CTCTCTAC+ATTAGACG_read1.fq
1583516 All_CTCTCTAC+ATTAGACG_read2.fq
1724200 All_CTCTCTAC+CGGAGAGA_read1.fq
1724200 All_CTCTCTAC+CGGAGAGA_read2.fq
460164 All_CTCTCTAC+CTAGTCGA_read1.fq
460164 All_CTCTCTAC+CTAGTCGA_read2.fq
5256024 All_CTCTCTAC+CTCCTTAC_read1.fq
5256024 All_CTCTCTAC+CTCCTTAC_read2.fq
2902340 All_CTCTCTAC+CTTAATAG_read1.fq
2902340 All_CTCTCTAC+CTTAATAG_read2.fq
634868 All_CTCTCTAC+TAAGGCTC_read1.fq
634868 All_CTCTCTAC+TAAGGCTC_read2.fq
4963308 All_CTCTCTAC+TACTCCTT_read1.fq
4963308 All_CTCTCTAC+TACTCCTT_read2.fq
6892380 All_CTCTCTAC+TATGCAGT_read1.fq
6892380 All_CTCTCTAC+TATGCAGT_read2.fq
1805192 All_CTCTCTAC+TCGCATAA_read1.fq
1805192 All_CTCTCTAC+TCGCATAA_read2.fq
808096 All_CTCTCTAC+TCTTACGC_read1.fq
808096 All_CTCTCTAC+TCTTACGC_read2.fq
1047920 All_GCGTAGTA+ACTCTAGG_read1.fq
1047920 All_GCGTAGTA+ACTCTAGG_read2.fq
4602588 All_GCGTAGTA+AGAGGATA_read1.fq
4602588 All_GCGTAGTA+AGAGGATA_read2.fq
637444 All_GCGTAGTA+AGCTAGAA_read1.fq
637444 All_GCGTAGTA+AGCTAGAA_read2.fq
2388040 All_GCGTAGTA+AGGCTTAG_read1.fq
2388040 All_GCGTAGTA+AGGCTTAG_read2.fq
1420412 All_GCGTAGTA+ATAGAGAG_read1.fq
1420412 All_GCGTAGTA+ATAGAGAG_read2.fq
872848 All_GCGTAGTA+ATAGCCTT_read1.fq
872848 All_GCGTAGTA+ATAGCCTT_read2.fq
470696 All_GCGTAGTA+ATTAGACG_read1.fq
470696 All_GCGTAGTA+ATTAGACG_read2.fq
2438136 All_GCGTAGTA+CGGAGAGA_read1.fq
2438136 All_GCGTAGTA+CGGAGAGA_read2.fq
5411712 All_GCGTAGTA+CTAGTCGA_read1.fq
5411712 All_GCGTAGTA+CTAGTCGA_read2.fq
2862576 All_GCGTAGTA+CTCCTTAC_read1.fq
2862576 All_GCGTAGTA+CTCCTTAC_read2.fq
1852 All_GCGTAGTA+CTTAATAG_read1.fq
1852 All_GCGTAGTA+CTTAATAG_read2.fq
1522748 All_GCGTAGTA+TAAGGCTC_read1.fq
1522748 All_GCGTAGTA+TAAGGCTC_read2.fq
188472 All_GCGTAGTA+TACTCCTT_read1.fq
188472 All_GCGTAGTA+TACTCCTT_read2.fq
1676140 All_GCGTAGTA+TATGCAGT_read1.fq
1676140 All_GCGTAGTA+TATGCAGT_read2.fq
822140 All_GCGTAGTA+TCGCATAA_read1.fq
822140 All_GCGTAGTA+TCGCATAA_read2.fq
1257604 All_GCGTAGTA+TCTTACGC_read1.fq
1257604 All_GCGTAGTA+TCTTACGC_read2.fq
969824 All_GCTCATGA+ACTCTAGG_read1.fq
969824 All_GCTCATGA+ACTCTAGG_read2.fq
10194576 All_GCTCATGA+AGAGGATA_read1.fq
10194576 All_GCTCATGA+AGAGGATA_read2.fq
5902404 All_GCTCATGA+AGCTAGAA_read1.fq
5902404 All_GCTCATGA+AGCTAGAA_read2.fq
4238624 All_GCTCATGA+AGGCTTAG_read1.fq
4238624 All_GCTCATGA+AGGCTTAG_read2.fq
4383468 All_GCTCATGA+ATAGAGAG_read1.fq
4383468 All_GCTCATGA+ATAGAGAG_read2.fq
935728 All_GCTCATGA+ATAGCCTT_read1.fq
935728 All_GCTCATGA+ATAGCCTT_read2.fq
129872 All_GCTCATGA+ATTAGACG_read1.fq
129872 All_GCTCATGA+ATTAGACG_read2.fq
6904840 All_GCTCATGA+CGGAGAGA_read1.fq
6904840 All_GCTCATGA+CGGAGAGA_read2.fq
414456 All_GCTCATGA+CTAGTCGA_read1.fq
414456 All_GCTCATGA+CTAGTCGA_read2.fq
14449480 All_GCTCATGA+CTCCTTAC_read1.fq
14449480 All_GCTCATGA+CTCCTTAC_read2.fq
2593988 All_GCTCATGA+CTTAATAG_read1.fq
2593988 All_GCTCATGA+CTTAATAG_read2.fq
1510120 All_GCTCATGA+TAAGGCTC_read1.fq
1510120 All_GCTCATGA+TAAGGCTC_read2.fq
153820 All_GCTCATGA+TACTCCTT_read1.fq
153820 All_GCTCATGA+TACTCCTT_read2.fq
4884852 All_GCTCATGA+TATGCAGT_read1.fq
4884852 All_GCTCATGA+TATGCAGT_read2.fq
1066156 All_GCTCATGA+TCGCATAA_read1.fq
1066156 All_GCTCATGA+TCGCATAA_read2.fq
161704 All_GCTCATGA+TCTTACGC_read1.fq
161704 All_GCTCATGA+TCTTACGC_read2.fq
936404 All_GGACTCCT+ACTCTAGG_read1.fq
936404 All_GGACTCCT+ACTCTAGG_read2.fq
2799556 All_GGACTCCT+AGAGGATA_read1.fq
2799556 All_GGACTCCT+AGAGGATA_read2.fq
568532 All_GGACTCCT+AGCTAGAA_read1.fq
568532 All_GGACTCCT+AGCTAGAA_read2.fq
3293952 All_GGACTCCT+AGGCTTAG_read1.fq
3293952 All_GGACTCCT+AGGCTTAG_read2.fq
1245604 All_GGACTCCT+ATAGAGAG_read1.fq
1245604 All_GGACTCCT+ATAGAGAG_read2.fq
1969924 All_GGACTCCT+ATAGCCTT_read1.fq
1969924 All_GGACTCCT+ATAGCCTT_read2.fq
3711308 All_GGACTCCT+ATTAGACG_read1.fq
3711308 All_GGACTCCT+ATTAGACG_read2.fq
2738880 All_GGACTCCT+CGGAGAGA_read1.fq
2738880 All_GGACTCCT+CGGAGAGA_read2.fq
194516 All_GGACTCCT+CTAGTCGA_read1.fq
194516 All_GGACTCCT+CTAGTCGA_read2.fq
4004460 All_GGACTCCT+CTCCTTAC_read1.fq
4004460 All_GGACTCCT+CTCCTTAC_read2.fq
1500308 All_GGACTCCT+CTTAATAG_read1.fq
1500308 All_GGACTCCT+CTTAATAG_read2.fq
2282120 All_GGACTCCT+TAAGGCTC_read1.fq
2282120 All_GGACTCCT+TAAGGCTC_read2.fq
1459096 All_GGACTCCT+TACTCCTT_read1.fq
1459096 All_GGACTCCT+TACTCCTT_read2.fq
7000936 All_GGACTCCT+TATGCAGT_read1.fq
7000936 All_GGACTCCT+TATGCAGT_read2.fq
7557484 All_GGACTCCT+TCGCATAA_read1.fq
7557484 All_GGACTCCT+TCGCATAA_read2.fq
694392 All_GGACTCCT+TCTTACGC_read1.fq
694392 All_GGACTCCT+TCTTACGC_read2.fq
1225084 All_GGAGCTAC+ACTCTAGG_read1.fq
1225084 All_GGAGCTAC+ACTCTAGG_read2.fq
2900660 All_GGAGCTAC+AGAGGATA_read1.fq
2900660 All_GGAGCTAC+AGAGGATA_read2.fq
3048260 All_GGAGCTAC+AGCTAGAA_read1.fq
3048260 All_GGAGCTAC+AGCTAGAA_read2.fq
3673992 All_GGAGCTAC+AGGCTTAG_read1.fq
3673992 All_GGAGCTAC+AGGCTTAG_read2.fq
5101984 All_GGAGCTAC+ATAGAGAG_read1.fq
5101984 All_GGAGCTAC+ATAGAGAG_read2.fq
1183300 All_GGAGCTAC+ATAGCCTT_read1.fq
1183300 All_GGAGCTAC+ATAGCCTT_read2.fq
5084200 All_GGAGCTAC+ATTAGACG_read1.fq
5084200 All_GGAGCTAC+ATTAGACG_read2.fq
177680 All_GGAGCTAC+CGGAGAGA_read1.fq
177680 All_GGAGCTAC+CGGAGAGA_read2.fq
1206724 All_GGAGCTAC+CTAGTCGA_read1.fq
1206724 All_GGAGCTAC+CTAGTCGA_read2.fq
5786576 All_GGAGCTAC+CTCCTTAC_read1.fq
5786576 All_GGAGCTAC+CTCCTTAC_read2.fq
2208548 All_GGAGCTAC+CTTAATAG_read1.fq
2208548 All_GGAGCTAC+CTTAATAG_read2.fq
666048 All_GGAGCTAC+TAAGGCTC_read1.fq
666048 All_GGAGCTAC+TAAGGCTC_read2.fq
1232844 All_GGAGCTAC+TACTCCTT_read1.fq
1232844 All_GGAGCTAC+TACTCCTT_read2.fq
2452092 All_GGAGCTAC+TATGCAGT_read1.fq
2452092 All_GGAGCTAC+TATGCAGT_read2.fq
2965312 All_GGAGCTAC+TCGCATAA_read1.fq
2965312 All_GGAGCTAC+TCGCATAA_read2.fq
2527564 All_GGAGCTAC+TCTTACGC_read1.fq
2527564 All_GGAGCTAC+TCTTACGC_read2.fq
1282544 All_GTAGAGGA+ACTCTAGG_read1.fq
1282544 All_GTAGAGGA+ACTCTAGG_read2.fq
1990804 All_GTAGAGGA+AGAGGATA_read1.fq
1990804 All_GTAGAGGA+AGAGGATA_read2.fq
4384312 All_GTAGAGGA+AGCTAGAA_read1.fq
4384312 All_GTAGAGGA+AGCTAGAA_read2.fq
4109568 All_GTAGAGGA+AGGCTTAG_read1.fq
4109568 All_GTAGAGGA+AGGCTTAG_read2.fq
3375284 All_GTAGAGGA+ATAGAGAG_read1.fq
3375284 All_GTAGAGGA+ATAGAGAG_read2.fq
1741756 All_GTAGAGGA+ATAGCCTT_read1.fq
1741756 All_GTAGAGGA+ATAGCCTT_read2.fq
4449288 All_GTAGAGGA+ATTAGACG_read1.fq
4449288 All_GTAGAGGA+ATTAGACG_read2.fq
4537160 All_GTAGAGGA+CGGAGAGA_read1.fq
4537160 All_GTAGAGGA+CGGAGAGA_read2.fq
961772 All_GTAGAGGA+CTAGTCGA_read1.fq
961772 All_GTAGAGGA+CTAGTCGA_read2.fq
5697092 All_GTAGAGGA+CTCCTTAC_read1.fq
5697092 All_GTAGAGGA+CTCCTTAC_read2.fq
1027728 All_GTAGAGGA+CTTAATAG_read1.fq
1027728 All_GTAGAGGA+CTTAATAG_read2.fq
231204 All_GTAGAGGA+TAAGGCTC_read1.fq
231204 All_GTAGAGGA+TAAGGCTC_read2.fq
460752 All_GTAGAGGA+TACTCCTT_read1.fq
460752 All_GTAGAGGA+TACTCCTT_read2.fq
4304768 All_GTAGAGGA+TATGCAGT_read1.fq
4304768 All_GTAGAGGA+TATGCAGT_read2.fq
2649508 All_GTAGAGGA+TCGCATAA_read1.fq
2649508 All_GTAGAGGA+TCGCATAA_read2.fq
2673384 All_GTAGAGGA+TCTTACGC_read1.fq
2673384 All_GTAGAGGA+TCTTACGC_read2.fq
1362300 All_TAAGGCGA+ACTCTAGG_read1.fq
1362300 All_TAAGGCGA+ACTCTAGG_read2.fq
4155084 All_TAAGGCGA+AGAGGATA_read1.fq
4155084 All_TAAGGCGA+AGAGGATA_read2.fq
104512 All_TAAGGCGA+AGCTAGAA_read1.fq
104512 All_TAAGGCGA+AGCTAGAA_read2.fq
2280284 All_TAAGGCGA+AGGCTTAG_read1.fq
2280284 All_TAAGGCGA+AGGCTTAG_read2.fq
7245856 All_TAAGGCGA+ATAGAGAG_read1.fq
7245856 All_TAAGGCGA+ATAGAGAG_read2.fq
796292 All_TAAGGCGA+ATAGCCTT_read1.fq
796292 All_TAAGGCGA+ATAGCCTT_read2.fq
345500 All_TAAGGCGA+ATTAGACG_read1.fq
345500 All_TAAGGCGA+ATTAGACG_read2.fq
3064680 All_TAAGGCGA+CGGAGAGA_read1.fq
3064680 All_TAAGGCGA+CGGAGAGA_read2.fq
231704 All_TAAGGCGA+CTAGTCGA_read1.fq
231704 All_TAAGGCGA+CTAGTCGA_read2.fq
3533164 All_TAAGGCGA+CTCCTTAC_read1.fq
3533164 All_TAAGGCGA+CTCCTTAC_read2.fq
369844 All_TAAGGCGA+CTTAATAG_read1.fq
369844 All_TAAGGCGA+CTTAATAG_read2.fq
1847548 All_TAAGGCGA+TAAGGCTC_read1.fq
1847548 All_TAAGGCGA+TAAGGCTC_read2.fq
1236 All_TAAGGCGA+TACTCCTT_read1.fq
1236 All_TAAGGCGA+TACTCCTT_read2.fq
6739912 All_TAAGGCGA+TATGCAGT_read1.fq
6739912 All_TAAGGCGA+TATGCAGT_read2.fq
918476 All_TAAGGCGA+TCGCATAA_read1.fq
918476 All_TAAGGCGA+TCGCATAA_read2.fq
184640 All_TAAGGCGA+TCTTACGC_read1.fq
184640 All_TAAGGCGA+TCTTACGC_read2.fq
2034224 All_TACGCTGC+ACTCTAGG_read1.fq
2034224 All_TACGCTGC+ACTCTAGG_read2.fq
2990496 All_TACGCTGC+AGAGGATA_read1.fq
2990496 All_TACGCTGC+AGAGGATA_read2.fq
13062048 All_TACGCTGC+AGCTAGAA_read1.fq
13062048 All_TACGCTGC+AGCTAGAA_read2.fq
3991464 All_TACGCTGC+AGGCTTAG_read1.fq
3991464 All_TACGCTGC+AGGCTTAG_read2.fq
3539744 All_TACGCTGC+ATAGAGAG_read1.fq
3539744 All_TACGCTGC+ATAGAGAG_read2.fq
1091920 All_TACGCTGC+ATAGCCTT_read1.fq
1091920 All_TACGCTGC+ATAGCCTT_read2.fq
2856492 All_TACGCTGC+ATTAGACG_read1.fq
2856492 All_TACGCTGC+ATTAGACG_read2.fq
542468 All_TACGCTGC+CGGAGAGA_read1.fq
542468 All_TACGCTGC+CGGAGAGA_read2.fq
3552608 All_TACGCTGC+CTAGTCGA_read1.fq
3552608 All_TACGCTGC+CTAGTCGA_read2.fq
2963676 All_TACGCTGC+CTCCTTAC_read1.fq
2963676 All_TACGCTGC+CTCCTTAC_read2.fq
9786316 All_TACGCTGC+CTTAATAG_read1.fq
9786316 All_TACGCTGC+CTTAATAG_read2.fq
1641588 All_TACGCTGC+TAAGGCTC_read1.fq
1641588 All_TACGCTGC+TAAGGCTC_read2.fq
3809576 All_TACGCTGC+TACTCCTT_read1.fq
3809576 All_TACGCTGC+TACTCCTT_read2.fq
10902848 All_TACGCTGC+TATGCAGT_read1.fq
10902848 All_TACGCTGC+TATGCAGT_read2.fq
5999036 All_TACGCTGC+TCGCATAA_read1.fq
5999036 All_TACGCTGC+TCGCATAA_read2.fq
2724592 All_TACGCTGC+TCTTACGC_read1.fq
2724592 All_TACGCTGC+TCTTACGC_read2.fq
1586748 All_TAGCGCTC+ACTCTAGG_read1.fq
1586748 All_TAGCGCTC+ACTCTAGG_read2.fq
3359892 All_TAGCGCTC+AGAGGATA_read1.fq
3359892 All_TAGCGCTC+AGAGGATA_read2.fq
192748 All_TAGCGCTC+AGCTAGAA_read1.fq
192748 All_TAGCGCTC+AGCTAGAA_read2.fq
1848200 All_TAGCGCTC+AGGCTTAG_read1.fq
1848200 All_TAGCGCTC+AGGCTTAG_read2.fq
2410620 All_TAGCGCTC+ATAGAGAG_read1.fq
2410620 All_TAGCGCTC+ATAGAGAG_read2.fq
1605072 All_TAGCGCTC+ATAGCCTT_read1.fq
1605072 All_TAGCGCTC+ATAGCCTT_read2.fq
1727912 All_TAGCGCTC+ATTAGACG_read1.fq
1727912 All_TAGCGCTC+ATTAGACG_read2.fq
362792 All_TAGCGCTC+CGGAGAGA_read1.fq
362792 All_TAGCGCTC+CGGAGAGA_read2.fq
2180780 All_TAGCGCTC+CTAGTCGA_read1.fq
2180780 All_TAGCGCTC+CTAGTCGA_read2.fq
6749892 All_TAGCGCTC+CTCCTTAC_read1.fq
6749892 All_TAGCGCTC+CTCCTTAC_read2.fq
1010120 All_TAGCGCTC+CTTAATAG_read1.fq
1010120 All_TAGCGCTC+CTTAATAG_read2.fq
5859612 All_TAGCGCTC+TAAGGCTC_read1.fq
5859612 All_TAGCGCTC+TAAGGCTC_read2.fq
6812288 All_TAGCGCTC+TACTCCTT_read1.fq
6812288 All_TAGCGCTC+TACTCCTT_read2.fq
5224840 All_TAGCGCTC+TATGCAGT_read1.fq
5224840 All_TAGCGCTC+TATGCAGT_read2.fq
3307172 All_TAGCGCTC+TCGCATAA_read1.fq
3307172 All_TAGCGCTC+TCGCATAA_read2.fq
2164964 All_TAGCGCTC+TCTTACGC_read1.fq
2164964 All_TAGCGCTC+TCTTACGC_read2.fq
1221724 All_TAGGCATG+ACTCTAGG_read1.fq
1221724 All_TAGGCATG+ACTCTAGG_read2.fq
6950628 All_TAGGCATG+AGAGGATA_read1.fq
6950628 All_TAGGCATG+AGAGGATA_read2.fq
365956 All_TAGGCATG+AGCTAGAA_read1.fq
365956 All_TAGGCATG+AGCTAGAA_read2.fq
3254676 All_TAGGCATG+AGGCTTAG_read1.fq
3254676 All_TAGGCATG+AGGCTTAG_read2.fq
2414148 All_TAGGCATG+ATAGAGAG_read1.fq
2414148 All_TAGGCATG+ATAGAGAG_read2.fq
1835608 All_TAGGCATG+ATAGCCTT_read1.fq
1835608 All_TAGGCATG+ATAGCCTT_read2.fq
438636 All_TAGGCATG+ATTAGACG_read1.fq
438636 All_TAGGCATG+ATTAGACG_read2.fq
1556584 All_TAGGCATG+CGGAGAGA_read1.fq
1556584 All_TAGGCATG+CGGAGAGA_read2.fq
38952 All_TAGGCATG+CTAGTCGA_read1.fq
38952 All_TAGGCATG+CTAGTCGA_read2.fq
4579900 All_TAGGCATG+CTCCTTAC_read1.fq
4579900 All_TAGGCATG+CTCCTTAC_read2.fq
3592600 All_TAGGCATG+CTTAATAG_read1.fq
3592600 All_TAGGCATG+CTTAATAG_read2.fq
1427544 All_TAGGCATG+TAAGGCTC_read1.fq
1427544 All_TAGGCATG+TAAGGCTC_read2.fq
42588 All_TAGGCATG+TACTCCTT_read1.fq
42588 All_TAGGCATG+TACTCCTT_read2.fq
4926132 All_TAGGCATG+TATGCAGT_read1.fq
4926132 All_TAGGCATG+TATGCAGT_read2.fq
1369840 All_TAGGCATG+TCGCATAA_read1.fq
1369840 All_TAGGCATG+TCGCATAA_read2.fq
3345864 All_TAGGCATG+TCTTACGC_read1.fq
3345864 All_TAGGCATG+TCTTACGC_read2.fq
941260 All_TCCTGAGC+ACTCTAGG_read1.fq
941260 All_TCCTGAGC+ACTCTAGG_read2.fq
10337568 All_TCCTGAGC+AGAGGATA_read1.fq
10337568 All_TCCTGAGC+AGAGGATA_read2.fq
823640 All_TCCTGAGC+AGCTAGAA_read1.fq
823640 All_TCCTGAGC+AGCTAGAA_read2.fq
11277788 All_TCCTGAGC+AGGCTTAG_read1.fq
11277788 All_TCCTGAGC+AGGCTTAG_read2.fq
4248876 All_TCCTGAGC+ATAGAGAG_read1.fq
4248876 All_TCCTGAGC+ATAGAGAG_read2.fq
3635960 All_TCCTGAGC+ATAGCCTT_read1.fq
3635960 All_TCCTGAGC+ATAGCCTT_read2.fq
1579460 All_TCCTGAGC+ATTAGACG_read1.fq
1579460 All_TCCTGAGC+ATTAGACG_read2.fq
6043568 All_TCCTGAGC+CGGAGAGA_read1.fq
6043568 All_TCCTGAGC+CGGAGAGA_read2.fq
3851412 All_TCCTGAGC+CTAGTCGA_read1.fq
3851412 All_TCCTGAGC+CTAGTCGA_read2.fq
3182460 All_TCCTGAGC+CTCCTTAC_read1.fq
3182460 All_TCCTGAGC+CTCCTTAC_read2.fq
1719364 All_TCCTGAGC+CTTAATAG_read1.fq
1719364 All_TCCTGAGC+CTTAATAG_read2.fq
1480572 All_TCCTGAGC+TAAGGCTC_read1.fq
1480572 All_TCCTGAGC+TAAGGCTC_read2.fq
131860 All_TCCTGAGC+TACTCCTT_read1.fq
131860 All_TCCTGAGC+TACTCCTT_read2.fq
5373172 All_TCCTGAGC+TATGCAGT_read1.fq
5373172 All_TCCTGAGC+TATGCAGT_read2.fq
1102984 All_TCCTGAGC+TCGCATAA_read1.fq
1102984 All_TCCTGAGC+TCGCATAA_read2.fq
1422192 All_TCCTGAGC+TCTTACGC_read1.fq
1422192 All_TCCTGAGC+TCTTACGC_read2.fq
803280 All_TCGACGTC+ACTCTAGG_read1.fq
803280 All_TCGACGTC+ACTCTAGG_read2.fq
4586576 All_TCGACGTC+AGAGGATA_read1.fq
4586576 All_TCGACGTC+AGAGGATA_read2.fq
1397812 All_TCGACGTC+AGCTAGAA_read1.fq
1397812 All_TCGACGTC+AGCTAGAA_read2.fq
2818760 All_TCGACGTC+AGGCTTAG_read1.fq
2818760 All_TCGACGTC+AGGCTTAG_read2.fq
2011416 All_TCGACGTC+ATAGAGAG_read1.fq
2011416 All_TCGACGTC+ATAGAGAG_read2.fq
3791200 All_TCGACGTC+ATAGCCTT_read1.fq
3791200 All_TCGACGTC+ATAGCCTT_read2.fq
644132 All_TCGACGTC+ATTAGACG_read1.fq
644132 All_TCGACGTC+ATTAGACG_read2.fq
164612 All_TCGACGTC+CGGAGAGA_read1.fq
164612 All_TCGACGTC+CGGAGAGA_read2.fq
78380 All_TCGACGTC+CTAGTCGA_read1.fq
78380 All_TCGACGTC+CTAGTCGA_read2.fq
1561724 All_TCGACGTC+CTCCTTAC_read1.fq
1561724 All_TCGACGTC+CTCCTTAC_read2.fq
947936 All_TCGACGTC+CTTAATAG_read1.fq
947936 All_TCGACGTC+CTTAATAG_read2.fq
4763468 All_TCGACGTC+TAAGGCTC_read1.fq
4763468 All_TCGACGTC+TAAGGCTC_read2.fq
2686004 All_TCGACGTC+TACTCCTT_read1.fq
2686004 All_TCGACGTC+TACTCCTT_read2.fq
910820 All_TCGACGTC+TATGCAGT_read1.fq
910820 All_TCGACGTC+TATGCAGT_read2.fq
3655252 All_TCGACGTC+TCGCATAA_read1.fq
3655252 All_TCGACGTC+TCGCATAA_read2.fq
1544484 All_TCGACGTC+TCTTACGC_read1.fq
1544484 All_TCGACGTC+TCTTACGC_read2.fq
655112 All_TGCAGCTA+ACTCTAGG_read1.fq
655112 All_TGCAGCTA+ACTCTAGG_read2.fq
6304968 All_TGCAGCTA+AGAGGATA_read1.fq
6304968 All_TGCAGCTA+AGAGGATA_read2.fq
235056 All_TGCAGCTA+AGCTAGAA_read1.fq
235056 All_TGCAGCTA+AGCTAGAA_read2.fq
1657676 All_TGCAGCTA+AGGCTTAG_read1.fq
1657676 All_TGCAGCTA+AGGCTTAG_read2.fq
4156892 All_TGCAGCTA+ATAGAGAG_read1.fq
4156892 All_TGCAGCTA+ATAGAGAG_read2.fq
953748 All_TGCAGCTA+ATAGCCTT_read1.fq
953748 All_TGCAGCTA+ATAGCCTT_read2.fq
3668576 All_TGCAGCTA+ATTAGACG_read1.fq
3668576 All_TGCAGCTA+ATTAGACG_read2.fq
730912 All_TGCAGCTA+CGGAGAGA_read1.fq
730912 All_TGCAGCTA+CGGAGAGA_read2.fq
3565048 All_TGCAGCTA+CTAGTCGA_read1.fq
3565048 All_TGCAGCTA+CTAGTCGA_read2.fq
2701180 All_TGCAGCTA+CTCCTTAC_read1.fq
2701180 All_TGCAGCTA+CTCCTTAC_read2.fq
1068772 All_TGCAGCTA+CTTAATAG_read1.fq
1068772 All_TGCAGCTA+CTTAATAG_read2.fq
5532992 All_TGCAGCTA+TAAGGCTC_read1.fq
5532992 All_TGCAGCTA+TAAGGCTC_read2.fq
3413096 All_TGCAGCTA+TACTCCTT_read1.fq
3413096 All_TGCAGCTA+TACTCCTT_read2.fq
9813208 All_TGCAGCTA+TATGCAGT_read1.fq
9813208 All_TGCAGCTA+TATGCAGT_read2.fq
1589288 All_TGCAGCTA+TCGCATAA_read1.fq
1589288 All_TGCAGCTA+TCGCATAA_read2.fq
2180948 All_TGCAGCTA+TCTTACGC_read1.fq
2180948 All_TGCAGCTA+TCTTACGC_read2.fq
